<?xml version="1.0" encoding="UTF-8"?>
<!-- Generated by org.testng.reporters.JUnitReportReporter -->
<testsuite hostname="LAPTOP-ACJNNB52" failures="0" tests="1" name="projectWork.ProjectWork1$AssertSample" time="4.786" errors="0" timestamp="2021-06-24T11:34:41 EDT" skipped="0">
  <testcase classname="projectWork.ProjectWork1$AssertSample" name="testNGAsserts" time="4.786"/>
  <system-out/>
</testsuite> <!-- projectWork.ProjectWork1$AssertSample -->
