<?xml version="1.0" encoding="UTF-8"?>
<!-- Generated by org.testng.reporters.JUnitReportReporter -->
<testsuite hostname="LAPTOP-ACJNNB52" failures="0" tests="1" name="projectWork.ProjectWork1" time="3.082" errors="0" timestamp="2021-06-24T19:47:13 EDT" skipped="0">
  <testcase classname="projectWork.ProjectWork1" name="testNGAsserts" time="3.082"/>
  <system-out/>
</testsuite> <!-- projectWork.ProjectWork1 -->
