<?xml version="1.0" encoding="UTF-8"?>
<!-- Generated by org.testng.reporters.JUnitReportReporter -->
<testsuite hostname="LAPTOP-ACJNNB52" failures="0" tests="2" name="projectWork.ProjectWork2" time="4.470" errors="0" timestamp="2021-06-24T19:58:07 EDT" skipped="0">
  <testcase classname="projectWork.ProjectWork2" name="buttons" time="2.162"/>
  <system-out/>
  <testcase classname="projectWork.ProjectWork2" name="imagess" time="2.308"/>
  <system-out/>
</testsuite> <!-- projectWork.ProjectWork2 -->
